[17:37:44] [main/INFO]: Environment: authHost='https://authserver.mojang.com', accountsHost='https://api.mojang.com', sessionHost='https://sessionserver.mojang.com', name='PROD'
[17:37:45] [main/INFO]: Reloading ResourceManager: Default, bukkit
[17:37:47] [Worker-Main-4/INFO]: Loaded 7 recipes
[17:37:59] [Server thread/INFO]: Starting minecraft server version 1.16.2
[17:37:59] [Server thread/INFO]: Loading properties
[17:38:00] [Server thread/INFO]: This server is running CraftBukkit version git-Spigot-379750e-43c7ff9 (MC: 1.16.2) (Implementing API version 1.16.2-R0.1-SNAPSHOT)
[17:38:01] [Server thread/INFO]: Debug logging is disabled
[17:38:01] [Server thread/INFO]: Server Ping Player Sample Count: 12

[17:38:01] [Server thread/INFO]: Using 4 threads for Netty based IO
[17:38:01] [Server thread/INFO]: Default game type: CREATIVE
[17:38:01] [Server thread/INFO]: Generating keypair
[17:38:02] [Server thread/INFO]: Starting Minecraft server on *:25565
[17:38:02] [Server thread/INFO]: Using default channel type
[17:38:04] [Server thread/WARN]: Initializing Legacy Material Support. Unless you have legacy plugins and/or data this is a bug!

[17:38:14] [Server thread/WARN]: Legacy plugin RaspberryJuice v1.12.1 does not specify an api-version.
[17:38:14] [Server thread/INFO]: [RaspberryJuice] Loading RaspberryJuice v1.12.1
[17:38:14] [Server thread/INFO]: Preparing level "world"
[17:38:14] [Server thread/INFO]: -------- World Settings For [world] --------
[17:38:14] [Server thread/INFO]: Entity Tracking Range: Pl 48 / An 48 / Mo 48 / Mi 32 / Other 64
[17:38:14] [Server thread/INFO]: Allow Zombie Pigmen to spawn from portal blocks: true
[17:38:14] [Server thread/INFO]: View Distance: 10
[17:38:14] [Server thread/INFO]: Item Despawn Rate: 6000
[17:38:14] [Server thread/INFO]: Item Merge Radius: 2.5
[17:38:14] [Server thread/INFO]: Arrow Despawn Rate: 1200 Trident Respawn Rate:1200
[17:38:14] [Server thread/INFO]: Zombie Aggressive Towards Villager: true
[17:38:14] [Server thread/INFO]: Nerfing mobs spawned from spawners: false
[17:38:14] [Server thread/INFO]: Experience Merge Radius: 3.0
[17:38:14] [Server thread/INFO]: Mob Spawn Range: 6
[17:38:14] [Server thread/INFO]: Cactus Growth Modifier: 100%
[17:38:14] [Server thread/INFO]: Cane Growth Modifier: 100%
[17:38:14] [Server thread/INFO]: Melon Growth Modifier: 100%
[17:38:14] [Server thread/INFO]: Mushroom Growth Modifier: 100%
[17:38:14] [Server thread/INFO]: Pumpkin Growth Modifier: 100%
[17:38:14] [Server thread/INFO]: Sapling Growth Modifier: 100%
[17:38:14] [Server thread/INFO]: Beetroot Growth Modifier: 100%
[17:38:14] [Server thread/INFO]: Carrot Growth Modifier: 100%
[17:38:14] [Server thread/INFO]: Potato Growth Modifier: 100%
[17:38:14] [Server thread/INFO]: Wheat Growth Modifier: 100%
[17:38:14] [Server thread/INFO]: NetherWart Growth Modifier: 100%
[17:38:14] [Server thread/INFO]: Vine Growth Modifier: 100%
[17:38:14] [Server thread/INFO]: Cocoa Growth Modifier: 100%
[17:38:14] [Server thread/INFO]: Bamboo Growth Modifier: 100%
[17:38:14] [Server thread/INFO]: SweetBerry Growth Modifier: 100%
[17:38:14] [Server thread/INFO]: Kelp Growth Modifier: 100%
[17:38:14] [Server thread/INFO]: Entity Activation Range: An 32 / Mo 32 / Ra 48 / Mi 16 / Tiv true
[17:38:14] [Server thread/INFO]: Hopper Transfer: 8 Hopper Check: 1 Hopper Amount: 1
[17:38:14] [Server thread/INFO]: Custom Map Seeds:  Village: 10387312 Desert: 14357617 Igloo: 14357618 Jungle: 14357619 Swamp: 14357620 Monument: 10387313 Ocean: 14357621 Shipwreck: 165745295 End City: 10387313 Slime: 987234911 Bastion: 30084232 Fortress: 30084232 Mansion: 10387319 Fossil: 14357921 Portal: 34222645
[17:38:14] [Server thread/INFO]: Max TNT Explosions: 100
[17:38:14] [Server thread/INFO]: Tile Max Tick Time: 50ms Entity max Tick Time: 50ms
[17:38:14] [Server thread/INFO]: -------- World Settings For [world_nether] --------
[17:38:14] [Server thread/INFO]: Entity Tracking Range: Pl 48 / An 48 / Mo 48 / Mi 32 / Other 64
[17:38:14] [Server thread/INFO]: Allow Zombie Pigmen to spawn from portal blocks: true
[17:38:14] [Server thread/INFO]: View Distance: 10
[17:38:14] [Server thread/INFO]: Item Despawn Rate: 6000
[17:38:14] [Server thread/INFO]: Item Merge Radius: 2.5
[17:38:14] [Server thread/INFO]: Arrow Despawn Rate: 1200 Trident Respawn Rate:1200
[17:38:14] [Server thread/INFO]: Zombie Aggressive Towards Villager: true
[17:38:14] [Server thread/INFO]: Nerfing mobs spawned from spawners: false
[17:38:14] [Server thread/INFO]: Experience Merge Radius: 3.0
[17:38:14] [Server thread/INFO]: Mob Spawn Range: 6
[17:38:14] [Server thread/INFO]: Cactus Growth Modifier: 100%
[17:38:14] [Server thread/INFO]: Cane Growth Modifier: 100%
[17:38:14] [Server thread/INFO]: Melon Growth Modifier: 100%
[17:38:14] [Server thread/INFO]: Mushroom Growth Modifier: 100%
[17:38:14] [Server thread/INFO]: Pumpkin Growth Modifier: 100%
[17:38:14] [Server thread/INFO]: Sapling Growth Modifier: 100%
[17:38:14] [Server thread/INFO]: Beetroot Growth Modifier: 100%
[17:38:14] [Server thread/INFO]: Carrot Growth Modifier: 100%
[17:38:14] [Server thread/INFO]: Potato Growth Modifier: 100%
[17:38:14] [Server thread/INFO]: Wheat Growth Modifier: 100%
[17:38:14] [Server thread/INFO]: NetherWart Growth Modifier: 100%
[17:38:14] [Server thread/INFO]: Vine Growth Modifier: 100%
[17:38:14] [Server thread/INFO]: Cocoa Growth Modifier: 100%
[17:38:14] [Server thread/INFO]: Bamboo Growth Modifier: 100%
[17:38:14] [Server thread/INFO]: SweetBerry Growth Modifier: 100%
[17:38:14] [Server thread/INFO]: Kelp Growth Modifier: 100%
[17:38:14] [Server thread/INFO]: Entity Activation Range: An 32 / Mo 32 / Ra 48 / Mi 16 / Tiv true
[17:38:14] [Server thread/INFO]: Hopper Transfer: 8 Hopper Check: 1 Hopper Amount: 1
[17:38:14] [Server thread/INFO]: Custom Map Seeds:  Village: 10387312 Desert: 14357617 Igloo: 14357618 Jungle: 14357619 Swamp: 14357620 Monument: 10387313 Ocean: 14357621 Shipwreck: 165745295 End City: 10387313 Slime: 987234911 Bastion: 30084232 Fortress: 30084232 Mansion: 10387319 Fossil: 14357921 Portal: 34222645
[17:38:15] [Server thread/INFO]: Max TNT Explosions: 100
[17:38:15] [Server thread/INFO]: Tile Max Tick Time: 50ms Entity max Tick Time: 50ms
[17:38:15] [Server thread/INFO]: -------- World Settings For [world_the_end] --------
[17:38:15] [Server thread/INFO]: Entity Tracking Range: Pl 48 / An 48 / Mo 48 / Mi 32 / Other 64
[17:38:15] [Server thread/INFO]: Allow Zombie Pigmen to spawn from portal blocks: true
[17:38:15] [Server thread/INFO]: View Distance: 10
[17:38:15] [Server thread/INFO]: Item Despawn Rate: 6000
[17:38:15] [Server thread/INFO]: Item Merge Radius: 2.5
[17:38:15] [Server thread/INFO]: Arrow Despawn Rate: 1200 Trident Respawn Rate:1200
[17:38:15] [Server thread/INFO]: Zombie Aggressive Towards Villager: true
[17:38:15] [Server thread/INFO]: Nerfing mobs spawned from spawners: false
[17:38:15] [Server thread/INFO]: Experience Merge Radius: 3.0
[17:38:15] [Server thread/INFO]: Mob Spawn Range: 6
[17:38:15] [Server thread/INFO]: Cactus Growth Modifier: 100%
[17:38:15] [Server thread/INFO]: Cane Growth Modifier: 100%
[17:38:15] [Server thread/INFO]: Melon Growth Modifier: 100%
[17:38:15] [Server thread/INFO]: Mushroom Growth Modifier: 100%
[17:38:15] [Server thread/INFO]: Pumpkin Growth Modifier: 100%
[17:38:15] [Server thread/INFO]: Sapling Growth Modifier: 100%
[17:38:15] [Server thread/INFO]: Beetroot Growth Modifier: 100%
[17:38:15] [Server thread/INFO]: Carrot Growth Modifier: 100%
[17:38:15] [Server thread/INFO]: Potato Growth Modifier: 100%
[17:38:15] [Server thread/INFO]: Wheat Growth Modifier: 100%
[17:38:15] [Server thread/INFO]: NetherWart Growth Modifier: 100%
[17:38:15] [Server thread/INFO]: Vine Growth Modifier: 100%
[17:38:15] [Server thread/INFO]: Cocoa Growth Modifier: 100%
[17:38:15] [Server thread/INFO]: Bamboo Growth Modifier: 100%
[17:38:15] [Server thread/INFO]: SweetBerry Growth Modifier: 100%
[17:38:15] [Server thread/INFO]: Kelp Growth Modifier: 100%
[17:38:15] [Server thread/INFO]: Entity Activation Range: An 32 / Mo 32 / Ra 48 / Mi 16 / Tiv true
[17:38:15] [Server thread/INFO]: Hopper Transfer: 8 Hopper Check: 1 Hopper Amount: 1
[17:38:15] [Server thread/INFO]: Custom Map Seeds:  Village: 10387312 Desert: 14357617 Igloo: 14357618 Jungle: 14357619 Swamp: 14357620 Monument: 10387313 Ocean: 14357621 Shipwreck: 165745295 End City: 10387313 Slime: 987234911 Bastion: 30084232 Fortress: 30084232 Mansion: 10387319 Fossil: 14357921 Portal: 34222645
[17:38:15] [Server thread/INFO]: Max TNT Explosions: 100
[17:38:15] [Server thread/INFO]: Tile Max Tick Time: 50ms Entity max Tick Time: 50ms
[17:38:15] [Server thread/INFO]: Preparing start region for dimension minecraft:overworld
[17:38:17] [Server thread/INFO]: Preparing spawn area: 0%
[17:38:17] [Server thread/INFO]: Preparing spawn area: 0%
[17:38:17] [Server thread/INFO]: Preparing spawn area: 0%
[17:38:17] [Server thread/INFO]: Preparing spawn area: 0%
[17:38:17] [Server thread/INFO]: Preparing spawn area: 0%
[17:38:17] [Worker-Main-5/INFO]: Preparing spawn area: 0%
[17:38:18] [Server thread/INFO]: Preparing spawn area: 28%
[17:38:27] [Worker-Main-4/INFO]: Preparing spawn area: 83%
[17:38:27] [Worker-Main-6/INFO]: Preparing spawn area: 83%
[17:38:27] [Worker-Main-6/INFO]: Preparing spawn area: 83%
[17:38:27] [Worker-Main-6/INFO]: Preparing spawn area: 83%
[17:38:27] [Worker-Main-6/INFO]: Preparing spawn area: 83%
[17:38:27] [Worker-Main-6/INFO]: Preparing spawn area: 83%
[17:38:27] [Worker-Main-6/INFO]: Preparing spawn area: 83%
[17:38:27] [Worker-Main-6/INFO]: Preparing spawn area: 83%
[17:38:27] [Worker-Main-6/INFO]: Preparing spawn area: 83%
[17:38:27] [Worker-Main-6/INFO]: Preparing spawn area: 83%
[17:38:27] [Worker-Main-6/INFO]: Preparing spawn area: 83%
[17:38:27] [Worker-Main-6/INFO]: Preparing spawn area: 83%
[17:38:27] [Worker-Main-6/INFO]: Preparing spawn area: 83%
[17:38:27] [Worker-Main-6/INFO]: Preparing spawn area: 83%
[17:38:27] [Worker-Main-6/INFO]: Preparing spawn area: 83%
[17:38:27] [Worker-Main-6/INFO]: Preparing spawn area: 83%
[17:38:27] [Worker-Main-6/INFO]: Preparing spawn area: 83%
[17:38:27] [Server thread/INFO]: Preparing spawn area: 83%
[17:38:27] [Worker-Main-6/INFO]: Preparing spawn area: 95%
[17:38:28] [Worker-Main-6/INFO]: Preparing spawn area: 95%
[17:38:28] [Worker-Main-5/INFO]: Preparing spawn area: 95%
[17:38:29] [Worker-Main-4/INFO]: Preparing spawn area: 95%
[17:38:29] [Worker-Main-4/INFO]: Preparing spawn area: 95%
[17:38:30] [Worker-Main-5/INFO]: Preparing spawn area: 95%
[17:38:30] [Worker-Main-4/INFO]: Preparing spawn area: 96%
[17:38:31] [Worker-Main-5/INFO]: Preparing spawn area: 96%
[17:38:31] [Worker-Main-5/INFO]: Preparing spawn area: 97%
[17:38:32] [Worker-Main-6/INFO]: Preparing spawn area: 98%
[17:38:32] [Server thread/INFO]: Preparing spawn area: 99%
[17:38:32] [Server thread/INFO]: Time elapsed: 17745 ms
[17:38:32] [Server thread/INFO]: Preparing start region for dimension minecraft:the_nether
[17:38:34] [Server thread/INFO]: Preparing spawn area: 0%
[17:38:34] [Server thread/INFO]: Preparing spawn area: 0%
[17:38:34] [Server thread/INFO]: Preparing spawn area: 0%
[17:38:34] [Server thread/INFO]: Preparing spawn area: 0%
[17:38:35] [Worker-Main-4/INFO]: Preparing spawn area: 6%
[17:38:35] [Worker-Main-5/INFO]: Preparing spawn area: 83%
[17:38:36] [Worker-Main-6/INFO]: Preparing spawn area: 83%
[17:38:36] [Worker-Main-6/INFO]: Preparing spawn area: 83%
[17:38:37] [Worker-Main-4/INFO]: Preparing spawn area: 83%
[17:38:37] [Worker-Main-4/INFO]: Preparing spawn area: 83%
[17:38:38] [Worker-Main-5/INFO]: Preparing spawn area: 83%
[17:38:38] [Worker-Main-6/INFO]: Preparing spawn area: 83%
[17:38:39] [Worker-Main-4/INFO]: Preparing spawn area: 83%
[17:38:39] [Worker-Main-5/INFO]: Preparing spawn area: 83%
[17:38:39] [Worker-Main-6/INFO]: Preparing spawn area: 83%
[17:38:40] [Server thread/INFO]: Preparing spawn area: 83%
[17:38:41] [Worker-Main-6/INFO]: Preparing spawn area: 84%
[17:38:41] [Worker-Main-5/INFO]: Preparing spawn area: 85%
[17:38:42] [Worker-Main-5/INFO]: Preparing spawn area: 88%
[17:38:42] [Worker-Main-6/INFO]: Preparing spawn area: 89%
[17:38:43] [Worker-Main-5/INFO]: Preparing spawn area: 90%
[17:38:43] [Worker-Main-4/INFO]: Preparing spawn area: 90%
[17:38:44] [Worker-Main-4/INFO]: Preparing spawn area: 90%
[17:38:44] [Worker-Main-6/INFO]: Preparing spawn area: 94%
[17:38:44] [Worker-Main-5/INFO]: Preparing spawn area: 96%
[17:38:45] [Server thread/INFO]: Time elapsed: 12472 ms
[17:38:45] [Server thread/INFO]: Preparing start region for dimension minecraft:the_end
[17:38:46] [Server thread/INFO]: Preparing spawn area: 0%
[17:38:46] [Server thread/INFO]: Preparing spawn area: 0%
[17:38:46] [Server thread/INFO]: Preparing spawn area: 0%
[17:38:46] [Worker-Main-4/INFO]: Preparing spawn area: 83%
[17:38:47] [Worker-Main-4/INFO]: Preparing spawn area: 84%
[17:38:47] [Worker-Main-6/INFO]: Preparing spawn area: 92%
[17:38:48] [Server thread/INFO]: Time elapsed: 2828 ms
[17:38:48] [Server thread/INFO]: [RaspberryJuice] Enabling RaspberryJuice v1.12.1
[17:38:48] [Server thread/INFO]: [RaspberryJuice] Using host:port - 0.0.0.0:4711
[17:38:48] [Server thread/INFO]: [RaspberryJuice] Using RELATIVE locations
[17:38:48] [Server thread/INFO]: [RaspberryJuice] Using RIGHT clicks for hits
[17:38:48] [Server thread/INFO]: [RaspberryJuice] ThreadListener Started
[17:38:48] [Server thread/INFO]: Server permissions file permissions.yml is empty, ignoring it
[17:38:48] [Server thread/INFO]: Done (34.065s)! For help, type "help"
[17:40:50] [User Authenticator #1/INFO]: UUID of player Ethan1823 is 9e253454-ca9b-4249-ad15-f931b5fd94ca
[17:40:51] [Server thread/INFO]: Welcome Ethan1823[m

[17:40:51] [Server thread/INFO]: Ethan1823[/127.0.0.1:56898] logged in with entity id 252 at ([world]-47.56978794461939, 89.0, -41.50846427318154)
[17:41:10] [Server thread/WARN]: Can't keep up! Is the server overloaded? Running 5040ms or 100 ticks behind
[17:42:02] [Server thread/WARN]: Can't keep up! Is the server overloaded? Running 21866ms or 437 ticks behind
[17:43:09] [Server thread/INFO]: Ethan1823 fell out of the world
[17:44:21] [Server thread/WARN]: Can't keep up! Is the server overloaded? Running 6058ms or 121 ticks behind
[18:04:45] [Async Chat Thread - #0/INFO]: <Ethan1823> hey[m

[18:04:54] [Async Chat Thread - #0/INFO]: <Ethan1823> will[m

[18:05:17] [Thread-42/INFO]: [RaspberryJuice] Starting output thread!
[18:05:17] [Thread-41/INFO]: [RaspberryJuice] Starting input thread
[18:05:17] [Thread-9/INFO]: [RaspberryJuice] Opened connection to/127.0.0.1:57123.
[18:05:39] [Async Chat Thread - #0/INFO]: <Ethan1823> hey[m

[18:05:49] [Async Chat Thread - #0/INFO]: <Ethan1823> will[m

[18:05:50] [Server thread/INFO]: You appear to be struggling with thoughts associated to 'will'[m

[18:05:50] [Server thread/INFO]: Is this true? yes/no[m

[18:05:56] [Async Chat Thread - #0/INFO]: <Ethan1823> yes[m

[18:05:56] [Server thread/INFO]: You can get a treasure hunt by playing a game, are you interested? yes/no[m

[18:06:01] [Async Chat Thread - #0/INFO]: <Ethan1823> yes[m

[18:06:02] [Server thread/INFO]: What 1 word best describes the thoughts you are uncomfortable with?[m

[18:06:11] [Async Chat Thread - #0/INFO]: <Ethan1823> stress[m

[18:06:11] [Server thread/INFO]: Ok, great[m

[18:06:11] [Server thread/INFO]: if you accept stress by typing it 20 times. Then show you do not need to hold on to thoughts associated to stress by typing ‘Drop the rope’[m

[18:06:11] [Server thread/INFO]: you will get additional in game features.[m

[18:06:26] [Async Chat Thread - #0/INFO]: <Ethan1823> drop the rope[m

[18:06:26] [Server thread/INFO]: Start typing stress for 45 seconds: [m

[18:06:30] [Async Chat Thread - #0/INFO]: <Ethan1823> stress[m

[18:06:32] [Async Chat Thread - #0/INFO]: <Ethan1823> stress[m

[18:06:34] [Async Chat Thread - #0/INFO]: <Ethan1823> stress[m

[18:06:37] [Async Chat Thread - #0/INFO]: <Ethan1823> stress[m

[18:06:56] [Async Chat Thread - #0/INFO]: <Ethan1823> stress[m

[18:07:01] [Async Chat Thread - #0/INFO]: <Ethan1823> stress[m

[18:07:03] [Async Chat Thread - #0/INFO]: <Ethan1823> stress[m

[18:07:05] [Async Chat Thread - #0/INFO]: <Ethan1823> stress[m

[18:07:08] [Async Chat Thread - #0/INFO]: <Ethan1823> stress[m

[18:07:10] [Async Chat Thread - #0/INFO]: <Ethan1823> stress[m

[18:07:11] [Server thread/INFO]: Well done[m

[18:07:11] [Server thread/INFO]: Now imagine the word stress is pulling you on a rope towards uncomfortable thoughts. You have control of the rope if you type 'Drop the rope'[m

[18:07:11] [Server thread/INFO]: Do you want to type 'drop the rope', yes/no?[m

[18:07:26] [Async Chat Thread - #0/INFO]: <Ethan1823> yes[m

[18:07:26] [Server thread/INFO]: Type: 'Drop The Rope'[m

[18:07:30] [Async Chat Thread - #0/INFO]: <Ethan1823> drop the rope[m

[18:07:30] [Server thread/INFO]: Well done[m

[18:07:30] [Server thread/INFO]: Do not forget to speak about your thoughts with people around you.[m

[18:07:30] [Server thread/INFO]: Have a great day![m

[18:07:30] [Server thread/INFO]: Start your treasure hunt[m

[18:07:30] [Server thread/INFO]: Move![m

[18:07:33] [Server thread/INFO]: Move![m

[18:07:35] [Server thread/INFO]: Move![m

[18:07:37] [Server thread/INFO]: Colder![m

[18:07:39] [Server thread/INFO]: Colder![m

[18:07:41] [Server thread/INFO]: Warmer![m

[18:07:43] [Server thread/INFO]: Warmer![m

[18:07:46] [Server thread/INFO]: Warmer![m

[18:07:48] [Server thread/INFO]: Warmer![m

[18:07:50] [Server thread/INFO]: Move![m

[18:07:52] [Server thread/INFO]: Move![m

[18:07:54] [Server thread/INFO]: Move![m

[18:07:56] [Server thread/INFO]: Move![m

[18:07:58] [Server thread/INFO]: Move![m

[18:08:01] [Server thread/INFO]: Move![m

[18:08:03] [Server thread/INFO]: Move![m

[18:08:05] [Server thread/INFO]: Move![m

[18:08:07] [Server thread/INFO]: Move![m

[18:08:09] [Server thread/INFO]: Move![m

[18:08:11] [Server thread/INFO]: Move![m

[18:08:14] [Server thread/INFO]: Move![m

[18:08:16] [Server thread/INFO]: Move![m

[18:08:18] [Server thread/INFO]: Move![m

[18:08:20] [Server thread/INFO]: Move![m

[18:08:22] [Server thread/INFO]: Move![m

[18:08:24] [Server thread/INFO]: Move![m

[18:08:26] [Server thread/INFO]: Move![m

[18:08:29] [Server thread/INFO]: Move![m

[18:08:31] [Server thread/INFO]: Move![m

[18:08:33] [Server thread/INFO]: Move![m

[18:08:35] [Server thread/INFO]: Move![m

[18:08:37] [Server thread/INFO]: Move![m

[18:08:39] [Server thread/INFO]: Move![m

[18:08:41] [Server thread/INFO]: Move![m

[18:08:44] [Server thread/INFO]: Move![m

[18:08:46] [Server thread/INFO]: Move![m

[18:08:48] [Server thread/INFO]: Move![m

[18:08:50] [Server thread/INFO]: Move![m

[18:08:52] [Server thread/INFO]: Move![m

[18:08:54] [Server thread/INFO]: Move![m

[18:08:56] [Server thread/INFO]: Warmer![m

[18:08:59] [Server thread/INFO]: Warmer![m

[18:09:01] [Server thread/INFO]: Move![m

[18:09:03] [Server thread/INFO]: Move![m

[18:09:05] [Server thread/INFO]: Move![m

[18:09:07] [Server thread/INFO]: Move![m

[18:09:09] [Server thread/INFO]: Move![m

[18:09:11] [Server thread/INFO]: Move![m

[18:09:14] [Server thread/INFO]: Move![m

[18:09:16] [Server thread/INFO]: Move![m

[18:09:18] [Server thread/INFO]: Move![m

[18:09:20] [Server thread/INFO]: Move![m

[18:09:22] [Server thread/INFO]: Move![m

[18:09:25] [Server thread/INFO]: Move![m

[18:09:27] [Server thread/INFO]: Move![m

[18:09:28] [Thread-9/INFO]: [RaspberryJuice] Opened connection to/127.0.0.1:57146.
[18:09:28] [Thread-47/INFO]: [RaspberryJuice] Starting input thread
[18:09:28] [Thread-48/INFO]: [RaspberryJuice] Starting output thread!
[18:09:28] [Server thread/INFO]: [RaspberryJuice] Closed connection to/127.0.0.1:57123.
[18:09:29] [Server thread/INFO]: [RaspberryJuice] Closed connection to/127.0.0.1:57146.
[18:09:31] [Thread-9/INFO]: [RaspberryJuice] Opened connection to/127.0.0.1:57147.
[18:09:31] [Thread-49/INFO]: [RaspberryJuice] Starting input thread
[18:09:31] [Thread-50/INFO]: [RaspberryJuice] Starting output thread!
[18:09:39] [Async Chat Thread - #1/INFO]: <Ethan1823> hey[m

[18:09:46] [Async Chat Thread - #1/INFO]: <Ethan1823> will i[m

[18:09:46] [Server thread/INFO]: You appear to be struggling with thoughts associated to 'will i'[m

[18:09:47] [Server thread/INFO]: Is this true? yes/no[m

[18:09:56] [Async Chat Thread - #1/INFO]: <Ethan1823> no[m

[18:09:56] [Server thread/INFO]: Have a great day[m

[18:10:05] [Async Chat Thread - #1/INFO]: <Ethan1823> fail[m

[18:10:05] [Server thread/INFO]: You appear to be struggling with thoughts associated to 'fail'[m

[18:10:05] [Server thread/INFO]: Is this true? yes/no[m

[18:10:09] [Async Chat Thread - #1/INFO]: <Ethan1823> yes[m

[18:10:09] [Server thread/INFO]: You can get a treasure hunt by playing a game, are you interested? yes/no[m

[18:10:13] [Async Chat Thread - #1/INFO]: <Ethan1823> yes[m

[18:10:13] [Server thread/INFO]: What 1 word best describes the thoughts you are uncomfortable with?[m

[18:10:16] [Async Chat Thread - #1/INFO]: <Ethan1823> stress[m

[18:10:16] [Server thread/INFO]: Ok, great[m

[18:10:16] [Server thread/INFO]: if you accept stress by typing it 20 times. Then show you do not need to hold on to thoughts associated to stress by typing ‘Drop the rope’[m

[18:10:16] [Server thread/INFO]: you will get additional in game features.[m

[18:10:22] [Async Chat Thread - #1/INFO]: <Ethan1823> drop the rope[m

[18:10:22] [Server thread/INFO]: Start typing stress for 45 seconds: [m

[18:10:28] [Async Chat Thread - #1/INFO]: <Ethan1823> stress[m

[18:10:30] [Async Chat Thread - #1/INFO]: <Ethan1823> stress[m

[18:10:31] [Async Chat Thread - #1/INFO]: <Ethan1823> stress[m

[18:10:34] [Async Chat Thread - #1/INFO]: <Ethan1823> stress[m

[18:10:35] [Async Chat Thread - #1/INFO]: <Ethan1823> stress[m

[18:10:38] [Async Chat Thread - #1/INFO]: <Ethan1823> stress[m

[18:10:40] [Async Chat Thread - #1/INFO]: <Ethan1823> stress][m

[18:10:42] [Async Chat Thread - #1/INFO]: <Ethan1823> stress[m

[18:10:44] [Async Chat Thread - #1/INFO]: <Ethan1823> stress[m

[18:10:54] [Async Chat Thread - #1/INFO]: <Ethan1823> stress[m

[18:11:07] [Server thread/INFO]: Well done[m

[18:11:07] [Server thread/INFO]: Now imagine the word stress is pulling you on a rope towards uncomfortable thoughts. You have control of the rope if you type 'Drop the rope'[m

[18:11:07] [Server thread/INFO]: Do you want to type 'drop the rope', yes/no?[m

[18:11:12] [Async Chat Thread - #1/INFO]: <Ethan1823> yes[m

[18:11:12] [Server thread/INFO]: Type: 'Drop The Rope'[m

[18:11:15] [Async Chat Thread - #1/INFO]: <Ethan1823> drop the rope[m

[18:11:15] [Server thread/INFO]: Well done[m

[18:11:15] [Server thread/INFO]: Do not forget to speak about your thoughts with people around you.[m

[18:11:15] [Server thread/INFO]: Have a great day![m

[18:11:15] [Server thread/INFO]: Start your treasure hunt[m

[18:11:15] [Server thread/INFO]: Move![m

[18:11:17] [Server thread/INFO]: Move![m

[18:11:19] [Server thread/INFO]: Move![m

[18:11:21] [Server thread/INFO]: Move![m

[18:11:24] [Server thread/INFO]: Colder![m

[18:11:26] [Server thread/INFO]: Colder![m

[18:11:28] [Server thread/INFO]: Move![m

[18:11:30] [Server thread/INFO]: Warmer![m

[18:11:32] [Server thread/INFO]: Colder![m

[18:11:34] [Server thread/INFO]: Ethan1823 lost connection: Disconnected
[18:11:34] [Server thread/INFO]: Ethan1823 left the game
[18:11:34] [Server thread/INFO]: Move![m

[18:11:36] [Server thread/INFO]: Move![m

[18:11:39] [Server thread/INFO]: Move![m

[18:11:41] [Server thread/INFO]: Move![m

[18:11:43] [Server thread/INFO]: Move![m

[18:11:45] [Server thread/INFO]: Move![m

[18:11:47] [Server thread/INFO]: Move![m

[18:11:48] [Thread-54/INFO]: [RaspberryJuice] Starting input thread
[18:11:48] [Thread-9/INFO]: [RaspberryJuice] Opened connection to/127.0.0.1:57161.
[18:11:48] [Thread-55/INFO]: [RaspberryJuice] Starting output thread!
[18:11:49] [Server thread/INFO]: [RaspberryJuice] Closed connection to/127.0.0.1:57147.
[18:11:49] [Server thread/INFO]: [RaspberryJuice] Closed connection to/127.0.0.1:57161.
[18:11:51] [Server thread/INFO]: Stopping the server
[18:11:51] [Server thread/INFO]: Stopping server
[18:11:51] [Server thread/INFO]: [RaspberryJuice] Disabling RaspberryJuice v1.12.1
[18:11:51] [Server thread/INFO]: [RaspberryJuice] Raspberry Juice Stopped
[18:11:51] [Server thread/INFO]: Saving players
[18:11:51] [Server thread/INFO]: Saving worlds
[18:11:51] [Server thread/INFO]: Saving chunks for level 'ServerLevel[world]'/minecraft:overworld
[18:11:52] [Server thread/INFO]: ThreadedAnvilChunkStorage (world): All chunks are saved
[18:11:52] [Server thread/INFO]: Saving chunks for level 'ServerLevel[world_nether]'/minecraft:the_nether
[18:11:52] [Server thread/INFO]: ThreadedAnvilChunkStorage (DIM-1): All chunks are saved
[18:11:52] [Server thread/INFO]: Saving chunks for level 'ServerLevel[world_the_end]'/minecraft:the_end
[18:11:52] [Server thread/INFO]: ThreadedAnvilChunkStorage (DIM1): All chunks are saved
[18:11:52] [Server thread/INFO]: ThreadedAnvilChunkStorage (world): All chunks are saved
[18:11:52] [Server thread/INFO]: ThreadedAnvilChunkStorage (DIM-1): All chunks are saved
[18:11:52] [Server thread/INFO]: ThreadedAnvilChunkStorage (DIM1): All chunks are saved
